
-------
18/34/2023 11:34:29
-------

Error executing 'DROP TABLE IF EXISTS `acquisti` ' (line 22): No database selected
Error executing 'CREATE TABLE `acquisti` (
  `ID_ACQUISTO` int NOT NULL AUTO_INCREMENT,
  `ID_FORNITORE` int DEFAULT NULL,
  `Moment` date DEFAULT NULL,
  `Price` decimal(7,2) DEFAULT NULL,
  `Invoice` int DEFAULT NULL,
  `Note` varchar(150) DEFAULT NULL,
  PRIMARY KEY (`ID_ACQUISTO`),
  KEY `ID_FORNITORE` (`ID_FORNITORE`),
  CONSTRAINT `acquisti_ibfk_1` FOREIGN KEY (`ID_FORNITORE`) REFERENCES `fornitori` (`ID_FORNITORE`) ON DELETE SET NULL
) ENGINE=InnoDB DEFAULT CHARSET=utf8mb4 COLLATE=utf8mb4_0900_ai_ci ' (line 35): No database selected
Error executing 'LOCK TABLES `acquisti` WRITE ' (line 42): No database selected
Error executing '/*!40000 ALTER TABLE `acquisti` DISABLE KEYS */ ' (line 43): No database selected
Error executing '/*!40000 ALTER TABLE `acquisti` ENABLE KEYS */ ' (line 44): No database selected
Error executing 'DROP TABLE IF EXISTS `clienti` ' (line 51): No database selected
Error executing 'CREATE TABLE `clienti` (
  `ID_CLIENTE` int NOT NULL AUTO_INCREMENT,
  `Name` varchar(25) DEFAULT NULL,
  `Last_Name` varchar(50) DEFAULT NULL,
  `Phone` varchar(15) DEFAULT '00000',
  `Mail` varchar(25) DEFAULT 'mail',
  `State` varchar(2) DEFAULT 'XX',
  `City` varchar(15) DEFAULT 'city',
  `Street` varchar(30) DEFAULT 'street',
  `VATn` varchar(10) DEFAULT '000',
  `Tot_sold` decimal(7,2) DEFAULT '0.00',
  `Note` varchar(150) DEFAULT NULL,
  PRIMARY KEY (`ID_CLIENTE`)
) ENGINE=InnoDB AUTO_INCREMENT=2 DEFAULT CHARSET=utf8mb4 COLLATE=utf8mb4_0900_ai_ci ' (line 67): No database selected
Error executing 'LOCK TABLES `clienti` WRITE ' (line 74): No database selected
Error executing '/*!40000 ALTER TABLE `clienti` DISABLE KEYS */ ' (line 75): No database selected
Error executing 'INSERT INTO `clienti` VALUES (0,'GUEST','GUEST','00000','mail','XX','city','street','000',0.00,NULL) ' (line 76): No database selected
Error executing '/*!40000 ALTER TABLE `clienti` ENABLE KEYS */ ' (line 77): No database selected
Error executing 'DROP TABLE IF EXISTS `fornitori` ' (line 84): No database selected
Error executing 'CREATE TABLE `fornitori` (
  `ID_FORNITORE` int NOT NULL AUTO_INCREMENT,
  `Name` varchar(25) DEFAULT NULL,
  `Last_Name` varchar(50) DEFAULT NULL,
  `Phone` varchar(15) DEFAULT NULL,
  `Mail` varchar(25) DEFAULT NULL,
  `State` varchar(2) DEFAULT NULL,
  `City` varchar(15) DEFAULT NULL,
  `Street` varchar(30) DEFAULT NULL,
  `VATn` varchar(10) DEFAULT NULL,
  `Tot_purchased` decimal(7,2) DEFAULT '0.00',
  `Note` varchar(150) DEFAULT NULL,
  PRIMARY KEY (`ID_FORNITORE`)
) ENGINE=InnoDB DEFAULT CHARSET=utf8mb4 COLLATE=utf8mb4_0900_ai_ci ' (line 100): No database selected
Error executing 'LOCK TABLES `fornitori` WRITE ' (line 107): No database selected
Error executing '/*!40000 ALTER TABLE `fornitori` DISABLE KEYS */ ' (line 108): No database selected
Error executing '/*!40000 ALTER TABLE `fornitori` ENABLE KEYS */ ' (line 109): No database selected
Error executing 'DROP TABLE IF EXISTS `forniture` ' (line 116): No database selected
Error executing 'CREATE TABLE `forniture` (
  `ID_FORNITORE` int NOT NULL,
  `ID_MERCE` int NOT NULL,
  `Price` decimal(7,2) DEFAULT '0.00',
  PRIMARY KEY (`ID_FORNITORE`,`ID_MERCE`),
  KEY `ID_MERCE` (`ID_MERCE`),
  CONSTRAINT `forniture_ibfk_1` FOREIGN KEY (`ID_FORNITORE`) REFERENCES `fornitori` (`ID_FORNITORE`) ON DELETE CASCADE,
  CONSTRAINT `forniture_ibfk_2` FOREIGN KEY (`ID_MERCE`) REFERENCES `merci` (`ID_MERCE`) ON DELETE CASCADE
) ENGINE=InnoDB DEFAULT CHARSET=utf8mb4 COLLATE=utf8mb4_0900_ai_ci ' (line 127): No database selected
Error executing 'LOCK TABLES `forniture` WRITE ' (line 134): No database selected
Error executing '/*!40000 ALTER TABLE `forniture` DISABLE KEYS */ ' (line 135): No database selected
Error executing '/*!40000 ALTER TABLE `forniture` ENABLE KEYS */ ' (line 136): No database selected
Error executing 'DROP TABLE IF EXISTS `merci` ' (line 143): No database selected
Error executing 'CREATE TABLE `merci` (
  `ID_MERCE` int NOT NULL AUTO_INCREMENT,
  `Product` varchar(15) DEFAULT NULL,
  `Unity` varchar(10) DEFAULT NULL,
  `Quantity` decimal(7,2) DEFAULT NULL,
  `Deal` decimal(3,2) DEFAULT '1.00',
  `Note` varchar(150) DEFAULT NULL,
  `increase` decimal(3,2) DEFAULT '1.20',
  `price` decimal(7,2) DEFAULT NULL,
  PRIMARY KEY (`ID_MERCE`)
) ENGINE=InnoDB DEFAULT CHARSET=utf8mb4 COLLATE=utf8mb4_0900_ai_ci ' (line 156): No database selected
Error executing 'LOCK TABLES `merci` WRITE ' (line 163): No database selected
Error executing '/*!40000 ALTER TABLE `merci` DISABLE KEYS */ ' (line 164): No database selected
Error executing '/*!40000 ALTER TABLE `merci` ENABLE KEYS */ ' (line 165): No database selected
Error executing 'DROP TABLE IF EXISTS `merci_acquisti` ' (line 172): No database selected
Error executing 'CREATE TABLE `merci_acquisti` (
  `ID_ACQUISTO` int NOT NULL,
  `ID_MERCE` int NOT NULL,
  `Quantity` decimal(7,2) DEFAULT NULL,
  `Price` decimal(7,2) DEFAULT NULL,
  PRIMARY KEY (`ID_ACQUISTO`,`ID_MERCE`),
  KEY `ID_MERCE` (`ID_MERCE`),
  CONSTRAINT `merci_acquisti_ibfk_1` FOREIGN KEY (`ID_MERCE`) REFERENCES `merci` (`ID_MERCE`) ON DELETE CASCADE
) ENGINE=InnoDB DEFAULT CHARSET=utf8mb4 COLLATE=utf8mb4_0900_ai_ci ' (line 183): No database selected
Error executing 'LOCK TABLES `merci_acquisti` WRITE ' (line 190): No database selected
Error executing '/*!40000 ALTER TABLE `merci_acquisti` DISABLE KEYS */ ' (line 191): No database selected
Error executing '/*!40000 ALTER TABLE `merci_acquisti` ENABLE KEYS */ ' (line 192): No database selected
Error executing 'DROP TABLE IF EXISTS `merci_vendite` ' (line 199): No database selected
Error executing 'CREATE TABLE `merci_vendite` (
  `ID_VENDITA` int NOT NULL,
  `ID_MERCE` int NOT NULL,
  `Quantity` decimal(7,2) DEFAULT NULL,
  `Price` decimal(7,2) DEFAULT NULL,
  PRIMARY KEY (`ID_VENDITA`,`ID_MERCE`),
  KEY `ID_MERCE` (`ID_MERCE`),
  CONSTRAINT `merci_vendite_ibfk_1` FOREIGN KEY (`ID_MERCE`) REFERENCES `merci` (`ID_MERCE`) ON DELETE CASCADE
) ENGINE=InnoDB DEFAULT CHARSET=utf8mb4 COLLATE=utf8mb4_0900_ai_ci ' (line 210): No database selected
Error executing 'LOCK TABLES `merci_vendite` WRITE ' (line 217): No database selected
Error executing '/*!40000 ALTER TABLE `merci_vendite` DISABLE KEYS */ ' (line 218): No database selected
Error executing '/*!40000 ALTER TABLE `merci_vendite` ENABLE KEYS */ ' (line 219): No database selected
Error executing 'DROP TABLE IF EXISTS `vendite` ' (line 226): No database selected
Error executing 'CREATE TABLE `vendite` (
  `ID_VENDITA` int NOT NULL AUTO_INCREMENT,
  `ID_CLIENTE` int DEFAULT NULL,
  `Moment` date DEFAULT NULL,
  `Price` decimal(7,2) DEFAULT NULL,
  `Invoice` varchar(25) DEFAULT 'NomeFile',
  `Note` varchar(150) DEFAULT NULL,
  PRIMARY KEY (`ID_VENDITA`),
  KEY `ID_CLIENTE` (`ID_CLIENTE`),
  CONSTRAINT `vendite_ibfk_1` FOREIGN KEY (`ID_CLIENTE`) REFERENCES `clienti` (`ID_CLIENTE`) ON DELETE SET NULL
) ENGINE=InnoDB DEFAULT CHARSET=utf8mb4 COLLATE=utf8mb4_0900_ai_ci ' (line 239): No database selected
Error executing 'LOCK TABLES `vendite` WRITE ' (line 246): No database selected
Error executing '/*!40000 ALTER TABLE `vendite` DISABLE KEYS */ ' (line 247): No database selected
Error executing '/*!40000 ALTER TABLE `vendite` ENABLE KEYS */ ' (line 248): No database selected

-------
18/39/2023 11:39:01
-------


-------
18/40/2023 11:40:25
-------

